<?xml version="1.0" encoding="UTF-8"?>
<testng-results skipped="0" failed="0" total="1" passed="1">
  <reporter-output>
  </reporter-output>
  <suite name="Surefire suite" duration-ms="6800" started-at="2018-07-04T14:53:25Z" finished-at="2018-07-04T14:53:32Z">
    <groups>
    </groups>
    <test name="Surefire test" duration-ms="6800" started-at="2018-07-04T14:53:25Z" finished-at="2018-07-04T14:53:32Z">
      <class name="com.green.countries.ApplicationTest">
        <test-method status="PASS" signature="springTestContextBeforeTestClass()" name="springTestContextBeforeTestClass" is-config="true" duration-ms="7" started-at="2018-07-04T14:53:25Z" finished-at="2018-07-04T14:53:25Z">
        </test-method>
        <test-method status="PASS" signature="springTestContextPrepareTestInstance()" name="springTestContextPrepareTestInstance" is-config="true" duration-ms="1518" started-at="2018-07-04T14:53:25Z" depends-on-methods="org.springframework.test.context.testng.AbstractTestNGSpringContextTests.springTestContextBeforeTestClass" finished-at="2018-07-04T14:53:27Z">
        </test-method>
        <test-method status="PASS" signature="springTestContextBeforeTestMethod(java.lang.reflect.Method)" name="springTestContextBeforeTestMethod" is-config="true" duration-ms="253" started-at="2018-07-04T14:53:27Z" finished-at="2018-07-04T14:53:27Z">
          <params>
            <param index="0">
              <value>
                <![CDATA[public void com.green.countries.ApplicationTest.test() throws java.lang.Exception]]>
              </value>
            </param>
          </params>
        </test-method>
        <test-method status="PASS" signature="test()" name="test" duration-ms="5004" started-at="2018-07-04T14:53:27Z" finished-at="2018-07-04T14:53:32Z">
        </test-method>
        <test-method status="PASS" signature="springTestContextAfterTestMethod(java.lang.reflect.Method)" name="springTestContextAfterTestMethod" is-config="true" duration-ms="13" started-at="2018-07-04T14:53:32Z" finished-at="2018-07-04T14:53:32Z">
          <params>
            <param index="0">
              <value>
                <![CDATA[public void com.green.countries.ApplicationTest.test() throws java.lang.Exception]]>
              </value>
            </param>
          </params>
        </test-method>
        <test-method status="PASS" signature="springTestContextAfterTestClass()" name="springTestContextAfterTestClass" is-config="true" duration-ms="0" started-at="2018-07-04T14:53:32Z" finished-at="2018-07-04T14:53:32Z">
        </test-method>
      </class>
    </test>
  </suite>
</testng-results>
